#
# There is insufficient memory for the Java Runtime Environment to continue.
# Native memory allocation (malloc) failed to allocate 32744 bytes. Error detail: Chunk::new
# Possible reasons:
#   The system is out of physical RAM or swap space
#   This process is running with CompressedOops enabled, and the Java Heap may be blocking the growth of the native heap
# Possible solutions:
#   Reduce memory load on the system
#   Increase physical memory or swap space
#   Check if swap backing store is full
#   Decrease Java heap size (-Xmx/-Xms)
#   Decrease number of Java threads
#   Decrease Java thread stack sizes (-Xss)
#   Set larger code cache with -XX:ReservedCodeCacheSize=
#   JVM is running with Unscaled Compressed Oops mode in which the Java heap is
#     placed in the first 4GB address space. The Java Heap base address is the
#     maximum limit for the native heap growth. Please use -XX:HeapBaseMinAddress
#     to set the Java Heap base and to place the Java Heap above 4GB virtual address.
# This output file may be truncated or incomplete.
#
#  Out of Memory Error (arena.cpp:168), pid=4324, tid=33116
#
# JRE version: OpenJDK Runtime Environment Temurin-21.0.8+9 (21.0.8+9) (build 21.0.8+9-LTS)
# Java VM: OpenJDK 64-Bit Server VM Temurin-21.0.8+9 (21.0.8+9-LTS, mixed mode, sharing, tiered, compressed oops, compressed class ptrs, parallel gc, windows-amd64)
# No core dump will be written. Minidumps are not enabled by default on client versions of Windows
#

---------------  S U M M A R Y ------------

Command Line: --add-modules=ALL-SYSTEM --add-opens=java.base/java.util=ALL-UNNAMED --add-opens=java.base/java.lang=ALL-UNNAMED --add-opens=java.base/sun.nio.fs=ALL-UNNAMED -Declipse.application=org.eclipse.jdt.ls.core.id1 -Dosgi.bundles.defaultStartLevel=4 -Declipse.product=org.eclipse.jdt.ls.core.product -Djava.import.generatesMetadataFilesAtProjectRoot=false -DDetectVMInstallationsJob.disabled=true -Dfile.encoding=utf8 -XX:+UseParallelGC -XX:GCTimeRatio=4 -XX:AdaptiveSizePolicyWeight=90 -Dsun.zip.disableMemoryMapping=true -Xmx2G -Xms100m -Xlog:disable -javaagent:c:\Users\jodoo\.vscode\extensions\redhat.java-1.45.0-win32-x64\lombok\lombok-1.18.39-4050.jar -XX:+HeapDumpOnOutOfMemoryError -XX:HeapDumpPath=c:\Users\jodoo\AppData\Roaming\Code\User\workspaceStorage\26936cbf7c34c7eb2c8cfb98ef66a2e7\redhat.java -Daether.dependencyCollector.impl=bf c:\Users\jodoo\.vscode\extensions\redhat.java-1.45.0-win32-x64\server\plugins\org.eclipse.equinox.launcher_1.7.0.v20250519-0528.jar -configuration c:\Users\jodoo\AppData\Roaming\Code\User\globalStorage\redhat.java\1.45.0\config_win -data c:\Users\jodoo\AppData\Roaming\Code\User\workspaceStorage\26936cbf7c34c7eb2c8cfb98ef66a2e7\redhat.java\jdt_ws --pipe=\\.\pipe\lsp-e2880ab984a88123c666093e4b7d4b6c-sock

Host: AMD Ryzen 7 5800X3D 8-Core Processor           , 16 cores, 31G,  Windows 10 , 64 bit Build 19041 (10.0.19041.5915)
Time: Sun Sep 14 22:37:33 2025 elapsed time: 61.737596 seconds (0d 0h 1m 1s)

---------------  T H R E A D  ---------------

Current thread (0x000001e4f5fb1f50):  JavaThread "C2 CompilerThread0" daemon [_thread_in_native, id=33116, stack(0x0000000f96800000,0x0000000f96900000) (1024K)]


Current CompileTask:
C2:61737 11108       4       java.io.ObjectInputStream::readClassDesc (121 bytes)

Stack: [0x0000000f96800000,0x0000000f96900000]
Native frames: (J=compiled Java code, j=interpreted, Vv=VM code, C=native code)
V  [jvm.dll+0x6d2449]
V  [jvm.dll+0x8ae341]
V  [jvm.dll+0x8b08be]
V  [jvm.dll+0x8b0fa3]
V  [jvm.dll+0x280c96]
V  [jvm.dll+0xc581d]
V  [jvm.dll+0xc5d53]
V  [jvm.dll+0x3be99d]
V  [jvm.dll+0x3be1c1]
V  [jvm.dll+0x3be204]
V  [jvm.dll+0x1e3dee]
V  [jvm.dll+0x3b935b]
V  [jvm.dll+0x3b8465]
V  [jvm.dll+0x1e143e]
V  [jvm.dll+0x249022]
V  [jvm.dll+0x2484af]
V  [jvm.dll+0x1c89ee]
V  [jvm.dll+0x257d4d]
V  [jvm.dll+0x2562ea]
V  [jvm.dll+0x3f2d16]
V  [jvm.dll+0x857e6b]
V  [jvm.dll+0x6d0b0d]
C  [ucrtbase.dll+0x21bb2]
C  [KERNEL32.DLL+0x17374]
C  [ntdll.dll+0x4cc91]


---------------  P R O C E S S  ---------------

Threads class SMR info:
_java_thread_list=0x000001e4c12ac840, length=72, elements={
0x000001e4ddf54390, 0x000001e4f5fa3fd0, 0x000001e4f5fa5d90, 0x000001e4f5fa78a0,
0x000001e4f5fa9240, 0x000001e4f5fab000, 0x000001e4f5fabc50, 0x000001e4f5fb1f50,
0x000001e4f5fc7260, 0x000001e4f60beea0, 0x000001e4f631cac0, 0x000001e4fc0c02e0,
0x000001e4fc0587f0, 0x000001e4fc1d49c0, 0x000001e4f7df3830, 0x000001e4fc7ae080,
0x000001e4fc577530, 0x000001e4f79eae80, 0x000001e4f79eb510, 0x000001e4f79ebba0,
0x000001e4f79ed5e0, 0x000001e4f79ec230, 0x000001e4f79ec8c0, 0x000001e4f79ecf50,
0x000001e4fedf1cd0, 0x000001e4fedf1640, 0x000001e4fedf0920, 0x000001e4fedefc00,
0x000001e4fedf2360, 0x000001e4fedf0fb0, 0x000001e4fedf29f0, 0x000001e4fedef570,
0x000001e4fedf0290, 0x000001e4fe2f8350, 0x000001e4fe2f9070, 0x000001e4fe2fb7d0,
0x000001e4fe2f7630, 0x000001e4fe2f9d90, 0x000001e4fe2fcb80, 0x000001e4fe2fbe60,
0x000001e4fe2f9700, 0x000001e4fe2f6280, 0x000001e4fe2f6910, 0x000001e4fe2f89e0,
0x000001e4fe2f6fa0, 0x000001e4fe2fa420, 0x000001e4fe2f5bf0, 0x000001e4fe2f7cc0,
0x000001e4ff26ca60, 0x000001e4fe2faab0, 0x000001e4fc7250c0, 0x000001e4fc721c40,
0x000001e4fc7222d0, 0x000001e4fc7243a0, 0x000001e4fc720f20, 0x000001e4fc7215b0,
0x000001e4fc725de0, 0x000001e4fc726b00, 0x000001e4fc724a30, 0x000001e4fc727190,
0x000001e4fc722960, 0x000001e4fc723680, 0x000001e4fc725750, 0x000001e4fc720200,
0x000001e4fc726470, 0x000001e4fc722ff0, 0x000001e4ff267510, 0x000001e4ff267ba0,
0x000001e4ff2688c0, 0x000001e4ff268230, 0x000001e4ff3fed20, 0x000001e4fdac6070
}

Java Threads: ( => current thread )
  0x000001e4ddf54390 JavaThread "main"                              [_thread_blocked, id=12544, stack(0x0000000f95e00000,0x0000000f95f00000) (1024K)]
  0x000001e4f5fa3fd0 JavaThread "Reference Handler"          daemon [_thread_blocked, id=35332, stack(0x0000000f96200000,0x0000000f96300000) (1024K)]
  0x000001e4f5fa5d90 JavaThread "Finalizer"                  daemon [_thread_blocked, id=26440, stack(0x0000000f96300000,0x0000000f96400000) (1024K)]
  0x000001e4f5fa78a0 JavaThread "Signal Dispatcher"          daemon [_thread_blocked, id=11088, stack(0x0000000f96400000,0x0000000f96500000) (1024K)]
  0x000001e4f5fa9240 JavaThread "Attach Listener"            daemon [_thread_blocked, id=21512, stack(0x0000000f96500000,0x0000000f96600000) (1024K)]
  0x000001e4f5fab000 JavaThread "Service Thread"             daemon [_thread_blocked, id=15324, stack(0x0000000f96600000,0x0000000f96700000) (1024K)]
  0x000001e4f5fabc50 JavaThread "Monitor Deflation Thread"   daemon [_thread_blocked, id=3660, stack(0x0000000f96700000,0x0000000f96800000) (1024K)]
=>0x000001e4f5fb1f50 JavaThread "C2 CompilerThread0"         daemon [_thread_in_native, id=33116, stack(0x0000000f96800000,0x0000000f96900000) (1024K)]
  0x000001e4f5fc7260 JavaThread "C1 CompilerThread0"         daemon [_thread_blocked, id=11048, stack(0x0000000f96900000,0x0000000f96a00000) (1024K)]
  0x000001e4f60beea0 JavaThread "Common-Cleaner"             daemon [_thread_blocked, id=29212, stack(0x0000000f96a00000,0x0000000f96b00000) (1024K)]
  0x000001e4f631cac0 JavaThread "Notification Thread"        daemon [_thread_blocked, id=17024, stack(0x0000000f96e00000,0x0000000f96f00000) (1024K)]
  0x000001e4fc0c02e0 JavaThread "Active Thread: Equinox Container: fa9ecf70-b411-46f5-88d7-00f06460bfb0"        [_thread_blocked, id=28692, stack(0x0000000f97700000,0x0000000f97800000) (1024K)]
  0x000001e4fc0587f0 JavaThread "Refresh Thread: Equinox Container: fa9ecf70-b411-46f5-88d7-00f06460bfb0" daemon [_thread_blocked, id=36740, stack(0x0000000f96d00000,0x0000000f96e00000) (1024K)]
  0x000001e4fc1d49c0 JavaThread "Framework Event Dispatcher: Equinox Container: fa9ecf70-b411-46f5-88d7-00f06460bfb0" daemon [_thread_blocked, id=31096, stack(0x0000000f96f00000,0x0000000f97000000) (1024K)]
  0x000001e4f7df3830 JavaThread "Start Level: Equinox Container: fa9ecf70-b411-46f5-88d7-00f06460bfb0" daemon [_thread_blocked, id=4712, stack(0x0000000f97600000,0x0000000f97700000) (1024K)]
  0x000001e4fc7ae080 JavaThread "Bundle File Closer"         daemon [_thread_blocked, id=17428, stack(0x0000000f97d00000,0x0000000f97e00000) (1024K)]
  0x000001e4fc577530 JavaThread "SCR Component Actor"        daemon [_thread_blocked, id=24884, stack(0x0000000f96c00000,0x0000000f96d00000) (1024K)]
  0x000001e4f79eae80 JavaThread "Worker-JM"                         [_thread_blocked, id=33876, stack(0x0000000f98200000,0x0000000f98300000) (1024K)]
  0x000001e4f79eb510 JavaThread "JNA Cleaner"                daemon [_thread_blocked, id=36108, stack(0x0000000f98100000,0x0000000f98200000) (1024K)]
  0x000001e4f79ebba0 JavaThread "Worker-0"                          [_thread_blocked, id=30724, stack(0x0000000f98400000,0x0000000f98500000) (1024K)]
  0x000001e4f79ed5e0 JavaThread "Worker-1"                          [_thread_blocked, id=2260, stack(0x0000000f98600000,0x0000000f98700000) (1024K)]
  0x000001e4f79ec230 JavaThread "Worker-2"                          [_thread_blocked, id=12124, stack(0x0000000f98700000,0x0000000f98800000) (1024K)]
  0x000001e4f79ec8c0 JavaThread "Java indexing"              daemon [_thread_blocked, id=33000, stack(0x0000000f98800000,0x0000000f98900000) (1024K)]
  0x000001e4f79ecf50 JavaThread "Worker-3"                          [_thread_blocked, id=35324, stack(0x0000000f98900000,0x0000000f98a00000) (1024K)]
  0x000001e4fedf1cd0 JavaThread "Worker-4"                          [_thread_blocked, id=4924, stack(0x0000000f98a00000,0x0000000f98b00000) (1024K)]
  0x000001e4fedf1640 JavaThread "Worker-5: Synchronize Gradle projects with workspace"        [_thread_blocked, id=32424, stack(0x0000000f98b00000,0x0000000f98c00000) (1024K)]
  0x000001e4fedf0920 JavaThread "Thread-2"                   daemon [_thread_in_native, id=33860, stack(0x0000000f98c00000,0x0000000f98d00000) (1024K)]
  0x000001e4fedefc00 JavaThread "Thread-3"                   daemon [_thread_in_native, id=23136, stack(0x0000000f98d00000,0x0000000f98e00000) (1024K)]
  0x000001e4fedf2360 JavaThread "Thread-4"                   daemon [_thread_in_native, id=14460, stack(0x0000000f98e00000,0x0000000f98f00000) (1024K)]
  0x000001e4fedf0fb0 JavaThread "Thread-5"                   daemon [_thread_in_native, id=6160, stack(0x0000000f98f00000,0x0000000f99000000) (1024K)]
  0x000001e4fedf29f0 JavaThread "Thread-6"                   daemon [_thread_in_native, id=34160, stack(0x0000000f99000000,0x0000000f99100000) (1024K)]
  0x000001e4fedef570 JavaThread "Thread-7"                   daemon [_thread_in_native, id=36736, stack(0x0000000f99100000,0x0000000f99200000) (1024K)]
  0x000001e4fedf0290 JavaThread "Thread-8"                   daemon [_thread_in_native, id=36852, stack(0x0000000f99200000,0x0000000f99300000) (1024K)]
  0x000001e4fe2f8350 JavaThread "Thread-9"                   daemon [_thread_in_native, id=28504, stack(0x0000000f99300000,0x0000000f99400000) (1024K)]
  0x000001e4fe2f9070 JavaThread "Thread-10"                  daemon [_thread_in_native, id=26096, stack(0x0000000f99400000,0x0000000f99500000) (1024K)]
  0x000001e4fe2fb7d0 JavaThread "Thread-11"                  daemon [_thread_in_native, id=35560, stack(0x0000000f99500000,0x0000000f99600000) (1024K)]
  0x000001e4fe2f7630 JavaThread "Thread-12"                  daemon [_thread_in_native, id=30996, stack(0x0000000f99600000,0x0000000f99700000) (1024K)]
  0x000001e4fe2f9d90 JavaThread "Thread-13"                  daemon [_thread_in_native, id=27656, stack(0x0000000f99700000,0x0000000f99800000) (1024K)]
  0x000001e4fe2fcb80 JavaThread "Thread-14"                  daemon [_thread_in_native, id=4160, stack(0x0000000f99800000,0x0000000f99900000) (1024K)]
  0x000001e4fe2fbe60 JavaThread "Thread-15"                  daemon [_thread_in_native, id=3940, stack(0x0000000f99900000,0x0000000f99a00000) (1024K)]
  0x000001e4fe2f9700 JavaThread "Thread-16"                  daemon [_thread_in_native, id=34732, stack(0x0000000f99a00000,0x0000000f99b00000) (1024K)]
  0x000001e4fe2f6280 JavaThread "Thread-17"                  daemon [_thread_in_native, id=30012, stack(0x0000000f99b00000,0x0000000f99c00000) (1024K)]
  0x000001e4fe2f6910 JavaThread "Thread-18"                  daemon [_thread_in_native, id=5348, stack(0x0000000f99c00000,0x0000000f99d00000) (1024K)]
  0x000001e4fe2f89e0 JavaThread "pool-2-thread-1"                   [_thread_blocked, id=35144, stack(0x0000000f99d00000,0x0000000f99e00000) (1024K)]
  0x000001e4fe2f6fa0 JavaThread "Timer-0"                           [_thread_blocked, id=18360, stack(0x0000000f99e00000,0x0000000f99f00000) (1024K)]
  0x000001e4fe2fa420 JavaThread "Timer-1"                           [_thread_blocked, id=16128, stack(0x0000000f99f00000,0x0000000f9a000000) (1024K)]
  0x000001e4fe2f5bf0 JavaThread "WorkspaceEventsHandler"            [_thread_blocked, id=24388, stack(0x0000000f9a000000,0x0000000f9a100000) (1024K)]
  0x000001e4fe2f7cc0 JavaThread "pool-1-thread-1"                   [_thread_blocked, id=35760, stack(0x0000000f9a100000,0x0000000f9a200000) (1024K)]
  0x000001e4ff26ca60 JavaThread "Worker-6"                          [_thread_blocked, id=17980, stack(0x0000000f9a500000,0x0000000f9a600000) (1024K)]
  0x000001e4fe2faab0 JavaThread "Timer-2"                           [_thread_blocked, id=28292, stack(0x0000000f9a300000,0x0000000f9a400000) (1024K)]
  0x000001e4fc7250c0 JavaThread "Timer-3"                           [_thread_blocked, id=32900, stack(0x0000000f9a400000,0x0000000f9a500000) (1024K)]
  0x000001e4fc721c40 JavaThread "Timer-4"                           [_thread_blocked, id=12060, stack(0x0000000f9a600000,0x0000000f9a700000) (1024K)]
  0x000001e4fc7222d0 JavaThread "Timer-5"                           [_thread_blocked, id=20140, stack(0x0000000f9a700000,0x0000000f9a800000) (1024K)]
  0x000001e4fc7243a0 JavaThread "Timer-6"                           [_thread_blocked, id=22412, stack(0x0000000f98000000,0x0000000f98100000) (1024K)]
  0x000001e4fc720f20 JavaThread "Timer-7"                           [_thread_blocked, id=33228, stack(0x0000000f98500000,0x0000000f98600000) (1024K)]
  0x000001e4fc7215b0 JavaThread "Exec process"                      [_thread_blocked, id=36244, stack(0x0000000f9ab00000,0x0000000f9ac00000) (1024K)]
  0x000001e4fc725de0 JavaThread "Exec process Thread 2"             [_thread_blocked, id=2104, stack(0x0000000f9ac00000,0x0000000f9ad00000) (1024K)]
  0x000001e4fc726b00 JavaThread "Exec process Thread 3"             [_thread_blocked, id=14524, stack(0x0000000f9ad00000,0x0000000f9ae00000) (1024K)]
  0x000001e4fc724a30 JavaThread "Timer-8"                           [_thread_blocked, id=27832, stack(0x0000000f9a800000,0x0000000f9a900000) (1024K)]
  0x000001e4fc727190 JavaThread "Timer-9"                           [_thread_blocked, id=15552, stack(0x0000000f9af00000,0x0000000f9b000000) (1024K)]
  0x000001e4fc722960 JavaThread "ForkJoinPool.commonPool-worker-1" daemon [_thread_blocked, id=2984, stack(0x0000000f9b000000,0x0000000f9b100000) (1024K)]
  0x000001e4fc723680 JavaThread "ForkJoinPool.commonPool-worker-2" daemon [_thread_blocked, id=31232, stack(0x0000000f9b100000,0x0000000f9b200000) (1024K)]
  0x000001e4fc725750 JavaThread "ForkJoinPool.commonPool-worker-3" daemon [_thread_blocked, id=7748, stack(0x0000000f9b200000,0x0000000f9b300000) (1024K)]
  0x000001e4fc720200 JavaThread "ForkJoinPool.commonPool-worker-4" daemon [_thread_blocked, id=32972, stack(0x0000000f9b300000,0x0000000f9b400000) (1024K)]
  0x000001e4fc726470 JavaThread "ForkJoinPool.commonPool-worker-5" daemon [_thread_blocked, id=30868, stack(0x0000000f9b400000,0x0000000f9b500000) (1024K)]
  0x000001e4fc722ff0 JavaThread "ForkJoinPool.commonPool-worker-6" daemon [_thread_blocked, id=32496, stack(0x0000000f9b500000,0x0000000f9b600000) (1024K)]
  0x000001e4ff267510 JavaThread "Timer-10"                          [_thread_blocked, id=24596, stack(0x0000000f95b00000,0x0000000f95c00000) (1024K)]
  0x000001e4ff267ba0 JavaThread "Timer-11"                          [_thread_blocked, id=33460, stack(0x0000000f95d00000,0x0000000f95e00000) (1024K)]
  0x000001e4ff2688c0 JavaThread "Connection worker"                 [_thread_in_native, id=29652, stack(0x0000000f95c00000,0x0000000f95d00000) (1024K)]
  0x000001e4ff268230 JavaThread "pool-5-thread-1"                   [_thread_blocked, id=632, stack(0x0000000f96b00000,0x0000000f96c00000) (1024K)]
  0x000001e4ff3fed20 JavaThread "C2 CompilerThread1"         daemon [_thread_blocked, id=6380, stack(0x0000000f9a900000,0x0000000f9aa00000) (1024K)]
  0x000001e4fdac6070 JavaThread "C1 CompilerThread1"         daemon [_thread_blocked, id=17864, stack(0x0000000f9aa00000,0x0000000f9ab00000) (1024K)]
Total: 72

Other Threads:
  0x000001e4f49e48a0 VMThread "VM Thread"                           [id=32636, stack(0x0000000f96100000,0x0000000f96200000) (1024K)]
  0x000001e4f48dc470 WatcherThread "VM Periodic Task Thread"        [id=31244, stack(0x0000000f96000000,0x0000000f96100000) (1024K)]
  0x000001e4ddf739f0 WorkerThread "GC Thread#0"                     [id=16456, stack(0x0000000f95f00000,0x0000000f96000000) (1024K)]
  0x000001e4f7d15290 WorkerThread "GC Thread#1"                     [id=21232, stack(0x0000000f97000000,0x0000000f97100000) (1024K)]
  0x000001e4f7d9cdb0 WorkerThread "GC Thread#2"                     [id=34832, stack(0x0000000f97100000,0x0000000f97200000) (1024K)]
  0x000001e4f7d9d150 WorkerThread "GC Thread#3"                     [id=35780, stack(0x0000000f97200000,0x0000000f97300000) (1024K)]
  0x000001e4f7d9d4f0 WorkerThread "GC Thread#4"                     [id=17824, stack(0x0000000f97300000,0x0000000f97400000) (1024K)]
  0x000001e4f7d9e0b0 WorkerThread "GC Thread#5"                     [id=17716, stack(0x0000000f97400000,0x0000000f97500000) (1024K)]
  0x000001e4f79fdf90 WorkerThread "GC Thread#6"                     [id=17276, stack(0x0000000f97500000,0x0000000f97600000) (1024K)]
  0x000001e4fc2c7bc0 WorkerThread "GC Thread#7"                     [id=2100, stack(0x0000000f97800000,0x0000000f97900000) (1024K)]
  0x000001e4fc3e0830 WorkerThread "GC Thread#8"                     [id=25960, stack(0x0000000f97900000,0x0000000f97a00000) (1024K)]
  0x000001e4fc3df510 WorkerThread "GC Thread#9"                     [id=18552, stack(0x0000000f97a00000,0x0000000f97b00000) (1024K)]
  0x000001e4fc59d020 WorkerThread "GC Thread#10"                    [id=23884, stack(0x0000000f97b00000,0x0000000f97c00000) (1024K)]
  0x000001e4fc59c540 WorkerThread "GC Thread#11"                    [id=29556, stack(0x0000000f97e00000,0x0000000f97f00000) (1024K)]
  0x000001e4fc59c8e0 WorkerThread "GC Thread#12"                    [id=24804, stack(0x0000000f98300000,0x0000000f98400000) (1024K)]
Total: 15

Threads with active compile tasks:
C2 CompilerThread0  61779 11108       4       java.io.ObjectInputStream::readClassDesc (121 bytes)
Total: 1

VM state: not at safepoint (normal execution)

VM Mutex/Monitor currently owned by a thread: None

Heap address: 0x0000000080000000, size: 2048 MB, Compressed Oops mode: 32-bit

CDS archive(s) mapped at: [0x000001e480000000-0x000001e480ba0000-0x000001e480ba0000), size 12189696, SharedBaseAddress: 0x000001e480000000, ArchiveRelocationMode: 1.
Compressed class space mapped at: 0x000001e481000000-0x000001e4c1000000, reserved size: 1073741824
Narrow klass base: 0x000001e480000000, Narrow klass shift: 0, Narrow klass range: 0x100000000

GC Precious Log:
 CardTable entry size: 512
 CPUs: 16 total, 16 available
 Memory: 32678M
 Large Page Support: Disabled
 NUMA Support: Disabled
 Compressed Oops: Enabled (32-bit)
 Alignments: Space 512K, Generation 512K, Heap 2M
 Heap Min Capacity: 100M
 Heap Initial Capacity: 100M
 Heap Max Capacity: 2G
 Pre-touch: Disabled
 Parallel Workers: 13

Heap:
 PSYoungGen      total 3584K, used 1750K [0x00000000d5580000, 0x00000000d5b00000, 0x0000000100000000)
  eden space 3072K, 42% used [0x00000000d5580000,0x00000000d56c6610,0x00000000d5880000)
  from space 512K, 86% used [0x00000000d5a00000,0x00000000d5a6f5c0,0x00000000d5a80000)
  to   space 512K, 0% used [0x00000000d5a80000,0x00000000d5a80000,0x00000000d5b00000)
 ParOldGen       total 306176K, used 305701K [0x0000000080000000, 0x0000000092b00000, 0x00000000d5580000)
  object space 306176K, 99% used [0x0000000080000000,0x0000000092a894d8,0x0000000092b00000)
 Metaspace       used 72205K, committed 73664K, reserved 1114112K
  class space    used 8929K, committed 9536K, reserved 1048576K

Card table byte_map: [0x000001e4dd930000,0x000001e4ddd40000] _byte_map_base: 0x000001e4dd530000

Marking Bits: (ParMarkBitMap*) 0x00007ff8bf98a340
 Begin Bits: [0x000001e4f0400000, 0x000001e4f2400000)
 End Bits:   [0x000001e4f2400000, 0x000001e4f4400000)

Polling page: 0x000001e4dd720000

Metaspace:

Usage:
  Non-class:     61.79 MB used.
      Class:      8.72 MB used.
       Both:     70.51 MB used.

Virtual space:
  Non-class space:       64.00 MB reserved,      62.62 MB ( 98%) committed,  1 nodes.
      Class space:        1.00 GB reserved,       9.31 MB ( <1%) committed,  1 nodes.
             Both:        1.06 GB reserved,      71.94 MB (  7%) committed. 

Chunk freelists:
   Non-Class:  1.33 MB
       Class:  6.64 MB
        Both:  7.97 MB

MaxMetaspaceSize: unlimited
CompressedClassSpaceSize: 1.00 GB
Initial GC threshold: 21.00 MB
Current GC threshold: 97.31 MB
CDS: on
 - commit_granule_bytes: 65536.
 - commit_granule_words: 8192.
 - virtual_space_node_default_size: 8388608.
 - enlarge_chunks_in_place: 1.
 - use_allocation_guard: 0.


Internal statistics:

num_allocs_failed_limit: 9.
num_arena_births: 1304.
num_arena_deaths: 14.
num_vsnodes_births: 2.
num_vsnodes_deaths: 0.
num_space_committed: 1151.
num_space_uncommitted: 0.
num_chunks_returned_to_freelist: 23.
num_chunks_taken_from_freelist: 4505.
num_chunk_merges: 9.
num_chunk_splits: 2758.
num_chunks_enlarged: 1536.
num_inconsistent_stats: 0.

CodeHeap 'non-profiled nmethods': size=119168Kb used=8744Kb max_used=8744Kb free=110423Kb
 bounds [0x000001e4e8cf0000, 0x000001e4e9580000, 0x000001e4f0150000]
CodeHeap 'profiled nmethods': size=119104Kb used=21277Kb max_used=21277Kb free=97826Kb
 bounds [0x000001e4e1150000, 0x000001e4e2620000, 0x000001e4e85a0000]
CodeHeap 'non-nmethods': size=7488Kb used=2013Kb max_used=3188Kb free=5474Kb
 bounds [0x000001e4e85a0000, 0x000001e4e88d0000, 0x000001e4e8cf0000]
CodeCache: size=245760Kb, used=32034Kb, max_used=33209Kb, free=213723Kb
 total_blobs=11147, nmethods=10387, adapters=665, full_count=0
Compilation: enabled, stopped_count=0, restarted_count=0

Compilation events (20 events):
Event: 61.656 Thread 0x000001e4f5fc7260 11129       1       org.gradle.internal.logging.events.ProgressCompleteEvent::getProgressOperationId (5 bytes)
Event: 61.656 Thread 0x000001e4f5fc7260 nmethod 11129 0x000001e4e9570010 code [0x000001e4e95701a0, 0x000001e4e9570268]
Event: 61.677 Thread 0x000001e4f5fc7260 11130       3       org.gradle.internal.build.event.types.DefaultOperationFinishedProgressEvent::getResult (5 bytes)
Event: 61.677 Thread 0x000001e4f5fc7260 nmethod 11130 0x000001e4e2601f90 code [0x000001e4e2602120, 0x000001e4e2602258]
Event: 61.689 Thread 0x000001e4f5fc7260 11131       3       org.gradle.tooling.internal.consumer.parameters.BuildProgressListenerAdapter::toDescriptor (21 bytes)
Event: 61.689 Thread 0x000001e4f5fc7260 nmethod 11131 0x000001e4e2602310 code [0x000001e4e26024e0, 0x000001e4e2602ae0]
Event: 61.689 Thread 0x000001e4f5fc7260 11132   !   3       jdk.internal.reflect.GeneratedSerializationConstructorAccessor38::newInstance (49 bytes)
Event: 61.690 Thread 0x000001e4f5fc7260 nmethod 11132 0x000001e4e2602d10 code [0x000001e4e2602f00, 0x000001e4e2603320]
Event: 61.690 Thread 0x000001e4f5fc7260 11134  s    3       org.gradle.tooling.internal.consumer.parameters.BuildProgressListenerAdapter::removeDescriptor (52 bytes)
Event: 61.690 Thread 0x000001e4f5fc7260 nmethod 11134 0x000001e4e2603590 code [0x000001e4e2603840, 0x000001e4e26047a0]
Event: 61.690 Thread 0x000001e4f5fc7260 11135       3       org.gradle.tooling.internal.consumer.parameters.BuildProgressListenerAdapter::assertDescriptorType (53 bytes)
Event: 61.691 Thread 0x000001e4f5fc7260 nmethod 11135 0x000001e4e2604d10 code [0x000001e4e2604fe0, 0x000001e4e2605f88]
Event: 61.691 Thread 0x000001e4f5fc7260 11136       3       org.gradle.internal.build.event.types.DefaultOperationFinishedProgressEvent::getDisplayName (39 bytes)
Event: 61.691 Thread 0x000001e4f5fc7260 nmethod 11136 0x000001e4e2606590 code [0x000001e4e26067c0, 0x000001e4e2607008]
Event: 61.691 Thread 0x000001e4f5fc7260 11137       3       org.gradle.tooling.events.internal.DefaultFinishEvent::<init> (15 bytes)
Event: 61.691 Thread 0x000001e4f5fc7260 nmethod 11137 0x000001e4e2607310 code [0x000001e4e26074c0, 0x000001e4e26076c8]
Event: 61.691 Thread 0x000001e4f5fc7260 11133       3       org.gradle.tooling.internal.consumer.parameters.BuildProgressListenerAdapter::genericFinishedEvent (44 bytes)
Event: 61.692 Thread 0x000001e4f5fc7260 nmethod 11133 0x000001e4e2607810 code [0x000001e4e2607a20, 0x000001e4e2607f50]
Event: 61.699 Thread 0x000001e4f5fc7260 11138       3       org.gradle.tooling.internal.consumer.parameters.BuildProgressListenerAdapter::genericStartedEvent (42 bytes)
Event: 61.700 Thread 0x000001e4f5fc7260 nmethod 11138 0x000001e4e2608210 code [0x000001e4e2608480, 0x000001e4e2609030]

GC Heap History (20 events):
Event: 60.811 GC heap before
{Heap before GC invocations=629 (full 3):
 PSYoungGen      total 3584K, used 3488K [0x00000000d5580000, 0x00000000d5b00000, 0x0000000100000000)
  eden space 3072K, 100% used [0x00000000d5580000,0x00000000d5880000,0x00000000d5880000)
  from space 512K, 81% used [0x00000000d5a00000,0x00000000d5a68000,0x00000000d5a80000)
  to   space 512K, 0% used [0x00000000d5a80000,0x00000000d5a80000,0x00000000d5b00000)
 ParOldGen       total 304640K, used 304203K [0x0000000080000000, 0x0000000092980000, 0x00000000d5580000)
  object space 304640K, 99% used [0x0000000080000000,0x0000000092912fc0,0x0000000092980000)
 Metaspace       used 72080K, committed 73472K, reserved 1114112K
  class space    used 8925K, committed 9536K, reserved 1048576K
}
Event: 60.812 GC heap after
{Heap after GC invocations=629 (full 3):
 PSYoungGen      total 3584K, used 448K [0x00000000d5580000, 0x00000000d5b00000, 0x0000000100000000)
  eden space 3072K, 0% used [0x00000000d5580000,0x00000000d5580000,0x00000000d5880000)
  from space 512K, 87% used [0x00000000d5a80000,0x00000000d5af0000,0x00000000d5b00000)
  to   space 512K, 0% used [0x00000000d5a00000,0x00000000d5a00000,0x00000000d5a80000)
 ParOldGen       total 304640K, used 304419K [0x0000000080000000, 0x0000000092980000, 0x00000000d5580000)
  object space 304640K, 99% used [0x0000000080000000,0x0000000092948fc0,0x0000000092980000)
 Metaspace       used 72080K, committed 73472K, reserved 1114112K
  class space    used 8925K, committed 9536K, reserved 1048576K
}
Event: 60.891 GC heap before
{Heap before GC invocations=630 (full 3):
 PSYoungGen      total 3584K, used 3520K [0x00000000d5580000, 0x00000000d5b00000, 0x0000000100000000)
  eden space 3072K, 100% used [0x00000000d5580000,0x00000000d5880000,0x00000000d5880000)
  from space 512K, 87% used [0x00000000d5a80000,0x00000000d5af0000,0x00000000d5b00000)
  to   space 512K, 0% used [0x00000000d5a00000,0x00000000d5a00000,0x00000000d5a80000)
 ParOldGen       total 304640K, used 304419K [0x0000000080000000, 0x0000000092980000, 0x00000000d5580000)
  object space 304640K, 99% used [0x0000000080000000,0x0000000092948fc0,0x0000000092980000)
 Metaspace       used 72085K, committed 73472K, reserved 1114112K
  class space    used 8925K, committed 9536K, reserved 1048576K
}
Event: 60.892 GC heap after
{Heap after GC invocations=630 (full 3):
 PSYoungGen      total 3584K, used 470K [0x00000000d5580000, 0x00000000d5b00000, 0x0000000100000000)
  eden space 3072K, 0% used [0x00000000d5580000,0x00000000d5580000,0x00000000d5880000)
  from space 512K, 91% used [0x00000000d5a00000,0x00000000d5a75ba8,0x00000000d5a80000)
  to   space 512K, 0% used [0x00000000d5a80000,0x00000000d5a80000,0x00000000d5b00000)
 ParOldGen       total 304640K, used 304627K [0x0000000080000000, 0x0000000092980000, 0x00000000d5580000)
  object space 304640K, 99% used [0x0000000080000000,0x000000009297cfc0,0x0000000092980000)
 Metaspace       used 72085K, committed 73472K, reserved 1114112K
  class space    used 8925K, committed 9536K, reserved 1048576K
}
Event: 60.942 GC heap before
{Heap before GC invocations=631 (full 3):
 PSYoungGen      total 3584K, used 3542K [0x00000000d5580000, 0x00000000d5b00000, 0x0000000100000000)
  eden space 3072K, 100% used [0x00000000d5580000,0x00000000d5880000,0x00000000d5880000)
  from space 512K, 91% used [0x00000000d5a00000,0x00000000d5a75ba8,0x00000000d5a80000)
  to   space 512K, 0% used [0x00000000d5a80000,0x00000000d5a80000,0x00000000d5b00000)
 ParOldGen       total 304640K, used 304627K [0x0000000080000000, 0x0000000092980000, 0x00000000d5580000)
  object space 304640K, 99% used [0x0000000080000000,0x000000009297cfc0,0x0000000092980000)
 Metaspace       used 72085K, committed 73472K, reserved 1114112K
  class space    used 8925K, committed 9536K, reserved 1048576K
}
Event: 60.943 GC heap after
{Heap after GC invocations=631 (full 3):
 PSYoungGen      total 3584K, used 320K [0x00000000d5580000, 0x00000000d5b00000, 0x0000000100000000)
  eden space 3072K, 0% used [0x00000000d5580000,0x00000000d5580000,0x00000000d5880000)
  from space 512K, 62% used [0x00000000d5a80000,0x00000000d5ad0000,0x00000000d5b00000)
  to   space 512K, 0% used [0x00000000d5a00000,0x00000000d5a00000,0x00000000d5a80000)
 ParOldGen       total 305152K, used 304898K [0x0000000080000000, 0x0000000092a00000, 0x00000000d5580000)
  object space 305152K, 99% used [0x0000000080000000,0x00000000929c0b68,0x0000000092a00000)
 Metaspace       used 72085K, committed 73472K, reserved 1114112K
  class space    used 8925K, committed 9536K, reserved 1048576K
}
Event: 61.012 GC heap before
{Heap before GC invocations=632 (full 3):
 PSYoungGen      total 3584K, used 3392K [0x00000000d5580000, 0x00000000d5b00000, 0x0000000100000000)
  eden space 3072K, 100% used [0x00000000d5580000,0x00000000d5880000,0x00000000d5880000)
  from space 512K, 62% used [0x00000000d5a80000,0x00000000d5ad0000,0x00000000d5b00000)
  to   space 512K, 0% used [0x00000000d5a00000,0x00000000d5a00000,0x00000000d5a80000)
 ParOldGen       total 305152K, used 304898K [0x0000000080000000, 0x0000000092a00000, 0x00000000d5580000)
  object space 305152K, 99% used [0x0000000080000000,0x00000000929c0b68,0x0000000092a00000)
 Metaspace       used 72085K, committed 73472K, reserved 1114112K
  class space    used 8925K, committed 9536K, reserved 1048576K
}
Event: 61.013 GC heap after
{Heap after GC invocations=632 (full 3):
 PSYoungGen      total 3584K, used 352K [0x00000000d5580000, 0x00000000d5b00000, 0x0000000100000000)
  eden space 3072K, 0% used [0x00000000d5580000,0x00000000d5580000,0x00000000d5880000)
  from space 512K, 68% used [0x00000000d5a00000,0x00000000d5a58000,0x00000000d5a80000)
  to   space 512K, 0% used [0x00000000d5a80000,0x00000000d5a80000,0x00000000d5b00000)
 ParOldGen       total 305152K, used 305042K [0x0000000080000000, 0x0000000092a00000, 0x00000000d5580000)
  object space 305152K, 99% used [0x0000000080000000,0x00000000929e4b68,0x0000000092a00000)
 Metaspace       used 72085K, committed 73472K, reserved 1114112K
  class space    used 8925K, committed 9536K, reserved 1048576K
}
Event: 61.099 GC heap before
{Heap before GC invocations=633 (full 3):
 PSYoungGen      total 3584K, used 3424K [0x00000000d5580000, 0x00000000d5b00000, 0x0000000100000000)
  eden space 3072K, 100% used [0x00000000d5580000,0x00000000d5880000,0x00000000d5880000)
  from space 512K, 68% used [0x00000000d5a00000,0x00000000d5a58000,0x00000000d5a80000)
  to   space 512K, 0% used [0x00000000d5a80000,0x00000000d5a80000,0x00000000d5b00000)
 ParOldGen       total 305152K, used 305042K [0x0000000080000000, 0x0000000092a00000, 0x00000000d5580000)
  object space 305152K, 99% used [0x0000000080000000,0x00000000929e4b68,0x0000000092a00000)
 Metaspace       used 72085K, committed 73472K, reserved 1114112K
  class space    used 8925K, committed 9536K, reserved 1048576K
}
Event: 61.100 GC heap after
{Heap after GC invocations=633 (full 3):
 PSYoungGen      total 3584K, used 384K [0x00000000d5580000, 0x00000000d5b00000, 0x0000000100000000)
  eden space 3072K, 0% used [0x00000000d5580000,0x00000000d5580000,0x00000000d5880000)
  from space 512K, 75% used [0x00000000d5a80000,0x00000000d5ae0000,0x00000000d5b00000)
  to   space 512K, 0% used [0x00000000d5a00000,0x00000000d5a00000,0x00000000d5a80000)
 ParOldGen       total 305664K, used 305266K [0x0000000080000000, 0x0000000092a80000, 0x00000000d5580000)
  object space 305664K, 99% used [0x0000000080000000,0x0000000092a1cb68,0x0000000092a80000)
 Metaspace       used 72085K, committed 73472K, reserved 1114112K
  class space    used 8925K, committed 9536K, reserved 1048576K
}
Event: 61.164 GC heap before
{Heap before GC invocations=634 (full 3):
 PSYoungGen      total 3584K, used 3456K [0x00000000d5580000, 0x00000000d5b00000, 0x0000000100000000)
  eden space 3072K, 100% used [0x00000000d5580000,0x00000000d5880000,0x00000000d5880000)
  from space 512K, 75% used [0x00000000d5a80000,0x00000000d5ae0000,0x00000000d5b00000)
  to   space 512K, 0% used [0x00000000d5a00000,0x00000000d5a00000,0x00000000d5a80000)
 ParOldGen       total 305664K, used 305266K [0x0000000080000000, 0x0000000092a80000, 0x00000000d5580000)
  object space 305664K, 99% used [0x0000000080000000,0x0000000092a1cb68,0x0000000092a80000)
 Metaspace       used 72085K, committed 73472K, reserved 1114112K
  class space    used 8925K, committed 9536K, reserved 1048576K
}
Event: 61.165 GC heap after
{Heap after GC invocations=634 (full 3):
 PSYoungGen      total 3584K, used 384K [0x00000000d5580000, 0x00000000d5b00000, 0x0000000100000000)
  eden space 3072K, 0% used [0x00000000d5580000,0x00000000d5580000,0x00000000d5880000)
  from space 512K, 75% used [0x00000000d5a00000,0x00000000d5a60000,0x00000000d5a80000)
  to   space 512K, 0% used [0x00000000d5a80000,0x00000000d5a80000,0x00000000d5b00000)
 ParOldGen       total 305664K, used 305498K [0x0000000080000000, 0x0000000092a80000, 0x00000000d5580000)
  object space 305664K, 99% used [0x0000000080000000,0x0000000092a56b68,0x0000000092a80000)
 Metaspace       used 72085K, committed 73472K, reserved 1114112K
  class space    used 8925K, committed 9536K, reserved 1048576K
}
Event: 61.238 GC heap before
{Heap before GC invocations=635 (full 3):
 PSYoungGen      total 3584K, used 3456K [0x00000000d5580000, 0x00000000d5b00000, 0x0000000100000000)
  eden space 3072K, 100% used [0x00000000d5580000,0x00000000d5880000,0x00000000d5880000)
  from space 512K, 75% used [0x00000000d5a00000,0x00000000d5a60000,0x00000000d5a80000)
  to   space 512K, 0% used [0x00000000d5a80000,0x00000000d5a80000,0x00000000d5b00000)
 ParOldGen       total 305664K, used 305498K [0x0000000080000000, 0x0000000092a80000, 0x00000000d5580000)
  object space 305664K, 99% used [0x0000000080000000,0x0000000092a56b68,0x0000000092a80000)
 Metaspace       used 72085K, committed 73472K, reserved 1114112K
  class space    used 8925K, committed 9536K, reserved 1048576K
}
Event: 61.239 GC heap after
{Heap after GC invocations=635 (full 3):
 PSYoungGen      total 3584K, used 466K [0x00000000d5580000, 0x00000000d5b00000, 0x0000000100000000)
  eden space 3072K, 0% used [0x00000000d5580000,0x00000000d5580000,0x00000000d5880000)
  from space 512K, 91% used [0x00000000d5a80000,0x00000000d5af4970,0x00000000d5b00000)
  to   space 512K, 0% used [0x00000000d5a00000,0x00000000d5a00000,0x00000000d5a80000)
 ParOldGen       total 305664K, used 305498K [0x0000000080000000, 0x0000000092a80000, 0x00000000d5580000)
  object space 305664K, 99% used [0x0000000080000000,0x0000000092a56b68,0x0000000092a80000)
 Metaspace       used 72085K, committed 73472K, reserved 1114112K
  class space    used 8925K, committed 9536K, reserved 1048576K
}
Event: 61.309 GC heap before
{Heap before GC invocations=636 (full 3):
 PSYoungGen      total 3584K, used 3538K [0x00000000d5580000, 0x00000000d5b00000, 0x0000000100000000)
  eden space 3072K, 100% used [0x00000000d5580000,0x00000000d5880000,0x00000000d5880000)
  from space 512K, 91% used [0x00000000d5a80000,0x00000000d5af4970,0x00000000d5b00000)
  to   space 512K, 0% used [0x00000000d5a00000,0x00000000d5a00000,0x00000000d5a80000)
 ParOldGen       total 305664K, used 305498K [0x0000000080000000, 0x0000000092a80000, 0x00000000d5580000)
  object space 305664K, 99% used [0x0000000080000000,0x0000000092a56b68,0x0000000092a80000)
 Metaspace       used 72085K, committed 73472K, reserved 1114112K
  class space    used 8925K, committed 9536K, reserved 1048576K
}
Event: 61.309 GC heap after
{Heap after GC invocations=636 (full 3):
 PSYoungGen      total 3584K, used 320K [0x00000000d5580000, 0x00000000d5b00000, 0x0000000100000000)
  eden space 3072K, 0% used [0x00000000d5580000,0x00000000d5580000,0x00000000d5880000)
  from space 512K, 62% used [0x00000000d5a00000,0x00000000d5a50000,0x00000000d5a80000)
  to   space 512K, 0% used [0x00000000d5a80000,0x00000000d5a80000,0x00000000d5b00000)
 ParOldGen       total 305664K, used 305581K [0x0000000080000000, 0x0000000092a80000, 0x00000000d5580000)
  object space 305664K, 99% used [0x0000000080000000,0x0000000092a6b4d8,0x0000000092a80000)
 Metaspace       used 72085K, committed 73472K, reserved 1114112K
  class space    used 8925K, committed 9536K, reserved 1048576K
}
Event: 61.358 GC heap before
{Heap before GC invocations=637 (full 3):
 PSYoungGen      total 3584K, used 3392K [0x00000000d5580000, 0x00000000d5b00000, 0x0000000100000000)
  eden space 3072K, 100% used [0x00000000d5580000,0x00000000d5880000,0x00000000d5880000)
  from space 512K, 62% used [0x00000000d5a00000,0x00000000d5a50000,0x00000000d5a80000)
  to   space 512K, 0% used [0x00000000d5a80000,0x00000000d5a80000,0x00000000d5b00000)
 ParOldGen       total 305664K, used 305581K [0x0000000080000000, 0x0000000092a80000, 0x00000000d5580000)
  object space 305664K, 99% used [0x0000000080000000,0x0000000092a6b4d8,0x0000000092a80000)
 Metaspace       used 72130K, committed 73536K, reserved 1114112K
  class space    used 8929K, committed 9536K, reserved 1048576K
}
Event: 61.359 GC heap after
{Heap after GC invocations=637 (full 3):
 PSYoungGen      total 3584K, used 320K [0x00000000d5580000, 0x00000000d5b00000, 0x0000000100000000)
  eden space 3072K, 0% used [0x00000000d5580000,0x00000000d5580000,0x00000000d5880000)
  from space 512K, 62% used [0x00000000d5a80000,0x00000000d5ad0000,0x00000000d5b00000)
  to   space 512K, 0% used [0x00000000d5a00000,0x00000000d5a00000,0x00000000d5a80000)
 ParOldGen       total 305664K, used 305581K [0x0000000080000000, 0x0000000092a80000, 0x00000000d5580000)
  object space 305664K, 99% used [0x0000000080000000,0x0000000092a6b4d8,0x0000000092a80000)
 Metaspace       used 72130K, committed 73536K, reserved 1114112K
  class space    used 8929K, committed 9536K, reserved 1048576K
}
Event: 61.707 GC heap before
{Heap before GC invocations=638 (full 3):
 PSYoungGen      total 3584K, used 3355K [0x00000000d5580000, 0x00000000d5b00000, 0x0000000100000000)
  eden space 3072K, 98% used [0x00000000d5580000,0x00000000d5876e80,0x00000000d5880000)
  from space 512K, 62% used [0x00000000d5a80000,0x00000000d5ad0000,0x00000000d5b00000)
  to   space 512K, 0% used [0x00000000d5a00000,0x00000000d5a00000,0x00000000d5a80000)
 ParOldGen       total 305664K, used 305581K [0x0000000080000000, 0x0000000092a80000, 0x00000000d5580000)
  object space 305664K, 99% used [0x0000000080000000,0x0000000092a6b4d8,0x0000000092a80000)
 Metaspace       used 72181K, committed 73664K, reserved 1114112K
  class space    used 8929K, committed 9536K, reserved 1048576K
}
Event: 61.708 GC heap after
{Heap after GC invocations=638 (full 3):
 PSYoungGen      total 3584K, used 445K [0x00000000d5580000, 0x00000000d5b00000, 0x0000000100000000)
  eden space 3072K, 0% used [0x00000000d5580000,0x00000000d5580000,0x00000000d5880000)
  from space 512K, 86% used [0x00000000d5a00000,0x00000000d5a6f5c0,0x00000000d5a80000)
  to   space 512K, 0% used [0x00000000d5a80000,0x00000000d5a80000,0x00000000d5b00000)
 ParOldGen       total 306176K, used 305701K [0x0000000080000000, 0x0000000092b00000, 0x00000000d5580000)
  object space 306176K, 99% used [0x0000000080000000,0x0000000092a894d8,0x0000000092b00000)
 Metaspace       used 72181K, committed 73664K, reserved 1114112K
  class space    used 8929K, committed 9536K, reserved 1048576K
}

Dll operation events (15 events):
Event: 0.007 Loaded shared library c:\Users\jodoo\.vscode\extensions\redhat.java-1.45.0-win32-x64\jre\21.0.8-win32-x86_64\bin\java.dll
Event: 0.052 Loaded shared library c:\Users\jodoo\.vscode\extensions\redhat.java-1.45.0-win32-x64\jre\21.0.8-win32-x86_64\bin\zip.dll
Event: 0.122 Loaded shared library C:\Users\jodoo\.vscode\extensions\redhat.java-1.45.0-win32-x64\jre\21.0.8-win32-x86_64\bin\instrument.dll
Event: 0.126 Loaded shared library C:\Users\jodoo\.vscode\extensions\redhat.java-1.45.0-win32-x64\jre\21.0.8-win32-x86_64\bin\net.dll
Event: 0.128 Loaded shared library C:\Users\jodoo\.vscode\extensions\redhat.java-1.45.0-win32-x64\jre\21.0.8-win32-x86_64\bin\nio.dll
Event: 0.131 Loaded shared library C:\Users\jodoo\.vscode\extensions\redhat.java-1.45.0-win32-x64\jre\21.0.8-win32-x86_64\bin\zip.dll
Event: 0.145 Loaded shared library C:\Users\jodoo\.vscode\extensions\redhat.java-1.45.0-win32-x64\jre\21.0.8-win32-x86_64\bin\jimage.dll
Event: 0.201 Loaded shared library c:\Users\jodoo\.vscode\extensions\redhat.java-1.45.0-win32-x64\jre\21.0.8-win32-x86_64\bin\verify.dll
Event: 2.575 Loaded shared library C:\Users\jodoo\AppData\Roaming\Code\User\globalStorage\redhat.java\1.45.0\config_win\org.eclipse.equinox.launcher\org.eclipse.equinox.launcher.win32.win32.x86_64_1.2.1400.v20250801-0854\eclipse_11916.dll
Event: 12.526 Loaded shared library C:\Users\jodoo\AppData\Local\Temp\jna--1154677198\jna10351529970175081377.dll
Event: 15.268 Loaded shared library C:\Users\jodoo\.vscode\extensions\redhat.java-1.45.0-win32-x64\jre\21.0.8-win32-x86_64\bin\sunmscapi.dll
Event: 15.545 Loaded shared library C:\Users\jodoo\.vscode\extensions\redhat.java-1.45.0-win32-x64\jre\21.0.8-win32-x86_64\bin\extnet.dll
Event: 15.835 Loaded shared library C:\Users\jodoo\.gradle\native\1def1411415f61bf3af743bc5b6707747c0891f09f0c88961ee8f79bc544acac\windows-amd64\native-platform.dll
Event: 16.712 Loaded shared library C:\Users\jodoo\.vscode\extensions\redhat.java-1.45.0-win32-x64\jre\21.0.8-win32-x86_64\bin\management.dll
Event: 16.715 Loaded shared library C:\Users\jodoo\.vscode\extensions\redhat.java-1.45.0-win32-x64\jre\21.0.8-win32-x86_64\bin\management_ext.dll

Deoptimization events (20 events):
Event: 52.718 Thread 0x000001e4fedf1cd0 Uncommon trap: trap_request=0xffffffde fr.pc=0x000001e4e9209928 relative=0x00000000000004c8
Event: 52.718 Thread 0x000001e4fedf1cd0 Uncommon trap: reason=class_check action=maybe_recompile pc=0x000001e4e9209928 method=java.util.AbstractMap.hashCode()I @ 3 c2
Event: 52.718 Thread 0x000001e4fedf1cd0 DEOPT PACKING pc=0x000001e4e9209928 sp=0x0000000f98afe930
Event: 52.718 Thread 0x000001e4fedf1cd0 DEOPT UNPACKING pc=0x000001e4e85f3aa2 sp=0x0000000f98afe8d8 mode 2
Event: 61.312 Thread 0x000001e4fedf1640 Uncommon trap: trap_request=0xffffff45 fr.pc=0x000001e4e93478a4 relative=0x0000000000000344
Event: 61.312 Thread 0x000001e4fedf1640 Uncommon trap: reason=unstable_if action=reinterpret pc=0x000001e4e93478a4 method=org.eclipse.jdt.internal.core.DeltaProcessor.rootInfo(Lorg/eclipse/core/runtime/IPath;I)Lorg/eclipse/jdt/internal/core/DeltaProcessor$RootInfo; @ 2 c2
Event: 61.312 Thread 0x000001e4fedf1640 DEOPT PACKING pc=0x000001e4e93478a4 sp=0x0000000f98bfdd50
Event: 61.312 Thread 0x000001e4fedf1640 DEOPT UNPACKING pc=0x000001e4e85f3aa2 sp=0x0000000f98bfdce0 mode 2
Event: 61.315 Thread 0x000001e4fedf1640 Uncommon trap: trap_request=0xffffffc6 fr.pc=0x000001e4e8e971e0 relative=0x00000000000001c0
Event: 61.315 Thread 0x000001e4fedf1640 Uncommon trap: reason=bimorphic_or_optimized_type_check action=maybe_recompile pc=0x000001e4e8e971e0 method=java.util.Collections.eq(Ljava/lang/Object;Ljava/lang/Object;)Z @ 18 c2
Event: 61.315 Thread 0x000001e4fedf1640 DEOPT PACKING pc=0x000001e4e8e971e0 sp=0x0000000f98bfd920
Event: 61.315 Thread 0x000001e4fedf1640 DEOPT UNPACKING pc=0x000001e4e85f3aa2 sp=0x0000000f98bfd860 mode 2
Event: 61.315 Thread 0x000001e4fedf1640 Uncommon trap: trap_request=0xffffffc6 fr.pc=0x000001e4e8e971e0 relative=0x00000000000001c0
Event: 61.315 Thread 0x000001e4fedf1640 Uncommon trap: reason=bimorphic_or_optimized_type_check action=maybe_recompile pc=0x000001e4e8e971e0 method=java.util.Collections.eq(Ljava/lang/Object;Ljava/lang/Object;)Z @ 18 c2
Event: 61.315 Thread 0x000001e4fedf1640 DEOPT PACKING pc=0x000001e4e8e971e0 sp=0x0000000f98bfda80
Event: 61.315 Thread 0x000001e4fedf1640 DEOPT UNPACKING pc=0x000001e4e85f3aa2 sp=0x0000000f98bfd9c0 mode 2
Event: 61.316 Thread 0x000001e4fedf1640 Uncommon trap: trap_request=0xffffff45 fr.pc=0x000001e4e9115b94 relative=0x0000000000000254
Event: 61.316 Thread 0x000001e4fedf1640 Uncommon trap: reason=unstable_if action=reinterpret pc=0x000001e4e9115b94 method=org.eclipse.jdt.internal.core.util.Util.indexOfJavaLikeExtension(Ljava/lang/String;)I @ 60 c2
Event: 61.316 Thread 0x000001e4fedf1640 DEOPT PACKING pc=0x000001e4e9115b94 sp=0x0000000f98bfdcc0
Event: 61.316 Thread 0x000001e4fedf1640 DEOPT UNPACKING pc=0x000001e4e85f3aa2 sp=0x0000000f98bfdc20 mode 2

Classes loaded (20 events):
Event: 51.593 Loading class java/util/Collections$SynchronizedList done
Event: 51.593 Loading class java/util/Collections$SynchronizedRandomAccessList done
Event: 51.638 Loading class java/util/stream/ReduceOps$5
Event: 51.638 Loading class java/util/stream/ReduceOps$5 done
Event: 51.638 Loading class java/util/stream/ReduceOps$CountingSink$OfRef
Event: 51.638 Loading class java/util/stream/ReduceOps$CountingSink
Event: 51.638 Loading class java/util/stream/ReduceOps$CountingSink done
Event: 51.638 Loading class java/util/stream/ReduceOps$CountingSink$OfRef done
Event: 51.642 Loading class java/util/stream/ReduceOps$1
Event: 51.642 Loading class java/util/stream/ReduceOps$1 done
Event: 51.642 Loading class java/util/stream/ReduceOps$1ReducingSink
Event: 51.642 Loading class java/util/stream/ReduceOps$1ReducingSink done
Event: 51.646 Loading class java/util/concurrent/ForkJoinTask$AdaptedCallable
Event: 51.647 Loading class java/util/concurrent/ForkJoinTask$AdaptedCallable done
Event: 51.755 Loading class java/io/SequenceInputStream
Event: 51.755 Loading class java/io/SequenceInputStream done
Event: 51.858 Loading class sun/net/www/http/ChunkedInputStream
Event: 51.859 Loading class sun/net/www/http/ChunkedInputStream done
Event: 52.719 Loading class java/security/DigestInputStream
Event: 52.719 Loading class java/security/DigestInputStream done

Classes unloaded (7 events):
Event: 13.980 Thread 0x000001e4f49e48a0 Unloading class 0x000001e4811acc00 'java/lang/invoke/LambdaForm$MH+0x000001e4811acc00'
Event: 13.980 Thread 0x000001e4f49e48a0 Unloading class 0x000001e4811ac800 'java/lang/invoke/LambdaForm$MH+0x000001e4811ac800'
Event: 13.980 Thread 0x000001e4f49e48a0 Unloading class 0x000001e4811ac400 'java/lang/invoke/LambdaForm$MH+0x000001e4811ac400'
Event: 13.980 Thread 0x000001e4f49e48a0 Unloading class 0x000001e4811ac000 'java/lang/invoke/LambdaForm$MH+0x000001e4811ac000'
Event: 13.980 Thread 0x000001e4f49e48a0 Unloading class 0x000001e4811abc00 'java/lang/invoke/LambdaForm$BMH+0x000001e4811abc00'
Event: 13.980 Thread 0x000001e4f49e48a0 Unloading class 0x000001e4811ab800 'java/lang/invoke/LambdaForm$DMH+0x000001e4811ab800'
Event: 13.980 Thread 0x000001e4f49e48a0 Unloading class 0x000001e4811aa800 'java/lang/invoke/LambdaForm$DMH+0x000001e4811aa800'

Classes redefined (0 events):
No events

Internal exceptions (20 events):
Event: 51.779 Thread 0x000001e4f79ec230 Exception <a 'java/io/IOException'{0x00000000d56c2ec0}> (0x00000000d56c2ec0) 
thrown [s\src\hotspot\share\prims\jni.cpp, line 520]
Event: 51.860 Thread 0x000001e4fedf1cd0 Exception <a 'java/io/IOException'{0x00000000d56e1628}> (0x00000000d56e1628) 
thrown [s\src\hotspot\share\prims\jni.cpp, line 520]
Event: 51.861 Thread 0x000001e4fedf1cd0 Exception <a 'java/io/IOException'{0x00000000d56f4fc0}> (0x00000000d56f4fc0) 
thrown [s\src\hotspot\share\prims\jni.cpp, line 520]
Event: 51.863 Thread 0x000001e4fedf1cd0 Exception <a 'java/io/IOException'{0x00000000d5580c60}> (0x00000000d5580c60) 
thrown [s\src\hotspot\share\prims\jni.cpp, line 520]
Event: 51.863 Thread 0x000001e4fedf1cd0 Exception <a 'java/io/IOException'{0x00000000d559e3b8}> (0x00000000d559e3b8) 
thrown [s\src\hotspot\share\prims\jni.cpp, line 520]
Event: 52.717 Thread 0x000001e4fedf1cd0 Exception <a 'java/io/IOException'{0x00000000d562c2d0}> (0x00000000d562c2d0) 
thrown [s\src\hotspot\share\prims\jni.cpp, line 520]
Event: 52.718 Thread 0x000001e4fedf1cd0 Exception <a 'java/io/IOException'{0x00000000d5647420}> (0x00000000d5647420) 
thrown [s\src\hotspot\share\prims\jni.cpp, line 520]
Event: 52.718 Thread 0x000001e4fedf1cd0 Exception <a 'java/io/IOException'{0x00000000d5651020}> (0x00000000d5651020) 
thrown [s\src\hotspot\share\prims\jni.cpp, line 520]
Event: 52.718 Thread 0x000001e4fedf1cd0 Exception <a 'java/io/IOException'{0x00000000d5663168}> (0x00000000d5663168) 
thrown [s\src\hotspot\share\prims\jni.cpp, line 520]
Event: 52.718 Thread 0x000001e4fedf1cd0 Exception <a 'java/io/IOException'{0x00000000d566c8b8}> (0x00000000d566c8b8) 
thrown [s\src\hotspot\share\prims\jni.cpp, line 520]
Event: 52.719 Thread 0x000001e4fedf1cd0 Exception <a 'java/io/IOException'{0x00000000d567b618}> (0x00000000d567b618) 
thrown [s\src\hotspot\share\prims\jni.cpp, line 520]
Event: 52.762 Thread 0x000001e4f79ecf50 Exception <a 'java/io/IOException'{0x00000000d5607c90}> (0x00000000d5607c90) 
thrown [s\src\hotspot\share\prims\jni.cpp, line 520]
Event: 52.762 Thread 0x000001e4f79ecf50 Exception <a 'java/io/IOException'{0x00000000d5609db8}> (0x00000000d5609db8) 
thrown [s\src\hotspot\share\prims\jni.cpp, line 520]
Event: 52.762 Thread 0x000001e4f79ecf50 Exception <a 'java/io/IOException'{0x00000000d561d238}> (0x00000000d561d238) 
thrown [s\src\hotspot\share\prims\jni.cpp, line 520]
Event: 52.762 Thread 0x000001e4f79ecf50 Exception <a 'java/io/IOException'{0x00000000d5623d00}> (0x00000000d5623d00) 
thrown [s\src\hotspot\share\prims\jni.cpp, line 520]
Event: 52.763 Thread 0x000001e4f79ecf50 Exception <a 'java/io/IOException'{0x00000000d5630350}> (0x00000000d5630350) 
thrown [s\src\hotspot\share\prims\jni.cpp, line 520]
Event: 61.314 Thread 0x000001e4fedf1640 Exception <a 'java/io/IOException'{0x00000000d55b45a0}> (0x00000000d55b45a0) 
thrown [s\src\hotspot\share\prims\jni.cpp, line 520]
Event: 61.315 Thread 0x000001e4fedf1640 Exception <a 'java/io/IOException'{0x00000000d55dc5d0}> (0x00000000d55dc5d0) 
thrown [s\src\hotspot\share\prims\jni.cpp, line 520]
Event: 61.316 Thread 0x000001e4fedf1640 Exception <a 'java/io/IOException'{0x00000000d55e4060}> (0x00000000d55e4060) 
thrown [s\src\hotspot\share\prims\jni.cpp, line 520]
Event: 61.316 Thread 0x000001e4fedf1640 Exception <a 'java/io/IOException'{0x00000000d55fe228}> (0x00000000d55fe228) 
thrown [s\src\hotspot\share\prims\jni.cpp, line 520]

ZGC Phase Switch (0 events):
No events

VM Operations (20 events):
Event: 60.811 Executing VM operation: ParallelGCFailedAllocation (Allocation Failure)
Event: 60.812 Executing VM operation: ParallelGCFailedAllocation (Allocation Failure) done
Event: 60.891 Executing VM operation: ParallelGCFailedAllocation (Allocation Failure)
Event: 60.892 Executing VM operation: ParallelGCFailedAllocation (Allocation Failure) done
Event: 60.942 Executing VM operation: ParallelGCFailedAllocation (Allocation Failure)
Event: 60.943 Executing VM operation: ParallelGCFailedAllocation (Allocation Failure) done
Event: 61.012 Executing VM operation: ParallelGCFailedAllocation (Allocation Failure)
Event: 61.013 Executing VM operation: ParallelGCFailedAllocation (Allocation Failure) done
Event: 61.099 Executing VM operation: ParallelGCFailedAllocation (Allocation Failure)
Event: 61.100 Executing VM operation: ParallelGCFailedAllocation (Allocation Failure) done
Event: 61.164 Executing VM operation: ParallelGCFailedAllocation (Allocation Failure)
Event: 61.165 Executing VM operation: ParallelGCFailedAllocation (Allocation Failure) done
Event: 61.238 Executing VM operation: ParallelGCFailedAllocation (Allocation Failure)
Event: 61.239 Executing VM operation: ParallelGCFailedAllocation (Allocation Failure) done
Event: 61.309 Executing VM operation: ParallelGCFailedAllocation (Allocation Failure)
Event: 61.309 Executing VM operation: ParallelGCFailedAllocation (Allocation Failure) done
Event: 61.358 Executing VM operation: ParallelGCFailedAllocation (Allocation Failure)
Event: 61.359 Executing VM operation: ParallelGCFailedAllocation (Allocation Failure) done
Event: 61.707 Executing VM operation: ParallelGCFailedAllocation (Allocation Failure)
Event: 61.708 Executing VM operation: ParallelGCFailedAllocation (Allocation Failure) done

Memory protections (0 events):
No events

Nmethod flushes (20 events):
Event: 16.732 Thread 0x000001e4f49e48a0 flushing  nmethod 0x000001e4e1aeaf10
Event: 16.732 Thread 0x000001e4f49e48a0 flushing  nmethod 0x000001e4e1aefa90
Event: 16.732 Thread 0x000001e4f49e48a0 flushing  nmethod 0x000001e4e1b1c010
Event: 16.732 Thread 0x000001e4f49e48a0 flushing  nmethod 0x000001e4e1b26b10
Event: 16.732 Thread 0x000001e4f49e48a0 flushing  nmethod 0x000001e4e1b31110
Event: 16.732 Thread 0x000001e4f49e48a0 flushing  nmethod 0x000001e4e1b55e90
Event: 16.732 Thread 0x000001e4f49e48a0 flushing  nmethod 0x000001e4e1b56c10
Event: 16.732 Thread 0x000001e4f49e48a0 flushing  nmethod 0x000001e4e1b58310
Event: 16.732 Thread 0x000001e4f49e48a0 flushing  nmethod 0x000001e4e1b59b90
Event: 16.732 Thread 0x000001e4f49e48a0 flushing  nmethod 0x000001e4e1b5be10
Event: 16.732 Thread 0x000001e4f49e48a0 flushing  nmethod 0x000001e4e1b5e390
Event: 16.732 Thread 0x000001e4f49e48a0 flushing  nmethod 0x000001e4e1b5ec10
Event: 16.732 Thread 0x000001e4f49e48a0 flushing  nmethod 0x000001e4e1b5fe10
Event: 16.732 Thread 0x000001e4f49e48a0 flushing  nmethod 0x000001e4e1b63810
Event: 16.732 Thread 0x000001e4f49e48a0 flushing  nmethod 0x000001e4e1b64d10
Event: 16.732 Thread 0x000001e4f49e48a0 flushing  nmethod 0x000001e4e1b6bb10
Event: 16.732 Thread 0x000001e4f49e48a0 flushing  nmethod 0x000001e4e1b6bf90
Event: 16.732 Thread 0x000001e4f49e48a0 flushing  nmethod 0x000001e4e1b6c510
Event: 16.732 Thread 0x000001e4f49e48a0 flushing  nmethod 0x000001e4e1b6df10
Event: 16.732 Thread 0x000001e4f49e48a0 flushing  nmethod 0x000001e4e1b70410

Events (20 events):
Event: 51.660 Thread 0x000001e4fc722960 Thread added: 0x000001e4fc723680
Event: 51.670 Thread 0x000001e4fc723680 Thread added: 0x000001e4fc725750
Event: 51.672 Thread 0x000001e4fc725750 Thread added: 0x000001e4fc720200
Event: 51.680 Thread 0x000001e4fc720200 Thread added: 0x000001e4fc726470
Event: 51.693 Thread 0x000001e4fc726470 Thread added: 0x000001e4fc722ff0
Event: 51.887 Thread 0x000001e4fedf1cd0 Thread added: 0x000001e4fc723d10
Event: 51.888 Thread 0x000001e4fc723d10 Thread exited: 0x000001e4fc723d10
Event: 51.944 Thread 0x000001e4fedf1cd0 Thread added: 0x000001e4fc723d10
Event: 51.945 Thread 0x000001e4fc723d10 Thread exited: 0x000001e4fc723d10
Event: 52.194 Thread 0x000001e4ff3fed20 Thread exited: 0x000001e4ff3fed20
Event: 52.194 Thread 0x000001e4c3ab7800 Thread exited: 0x000001e4c3ab7800
Event: 53.152 Thread 0x000001e4c16e3be0 Thread exited: 0x000001e4c16e3be0
Event: 53.339 Thread 0x000001e4c133e690 Thread exited: 0x000001e4c133e690
Event: 61.319 Thread 0x000001e4fedf1640 Thread added: 0x000001e4ff267510
Event: 61.320 Thread 0x000001e4fedf1640 Thread added: 0x000001e4ff26d0f0
Event: 61.333 Thread 0x000001e4ff26d0f0 Thread exited: 0x000001e4ff26d0f0
Event: 61.333 Thread 0x000001e4fedf1640 Thread added: 0x000001e4ff267ba0
Event: 61.334 Thread 0x000001e4fedf1640 Thread added: 0x000001e4ff2688c0
Event: 61.360 Thread 0x000001e4ff2688c0 Thread added: 0x000001e4ff268230
Event: 61.607 Thread 0x000001e4f5fc7260 Thread added: 0x000001e4ff3fed20


Dynamic libraries:
0x00007ff781910000 - 0x00007ff78191e000 	c:\Users\jodoo\.vscode\extensions\redhat.java-1.45.0-win32-x64\jre\21.0.8-win32-x86_64\bin\java.exe
0x00007ff9235b0000 - 0x00007ff9237a8000 	C:\WINDOWS\SYSTEM32\ntdll.dll
0x00007ff9221c0000 - 0x00007ff922282000 	C:\WINDOWS\System32\KERNEL32.DLL
0x00007ff9211b0000 - 0x00007ff9214a6000 	C:\WINDOWS\System32\KERNELBASE.dll
0x00007ff920ea0000 - 0x00007ff920fa0000 	C:\WINDOWS\System32\ucrtbase.dll
0x00007ff8d65f0000 - 0x00007ff8d6608000 	c:\Users\jodoo\.vscode\extensions\redhat.java-1.45.0-win32-x64\jre\21.0.8-win32-x86_64\bin\jli.dll
0x00007ff8d5b90000 - 0x00007ff8d5bae000 	c:\Users\jodoo\.vscode\extensions\redhat.java-1.45.0-win32-x64\jre\21.0.8-win32-x86_64\bin\VCRUNTIME140.dll
0x00007ff923060000 - 0x00007ff9231fd000 	C:\WINDOWS\System32\USER32.dll
0x00007ff9215b0000 - 0x00007ff9215d2000 	C:\WINDOWS\System32\win32u.dll
0x00007ff907f40000 - 0x00007ff9081db000 	C:\WINDOWS\WinSxS\amd64_microsoft.windows.common-controls_6595b64144ccf1df_6.0.19041.6280_none_60bc30a171f2f3f3\COMCTL32.dll
0x00007ff922900000 - 0x00007ff92292b000 	C:\WINDOWS\System32\GDI32.dll
0x00007ff920d80000 - 0x00007ff920e99000 	C:\WINDOWS\System32\gdi32full.dll
0x00007ff923320000 - 0x00007ff9233be000 	C:\WINDOWS\System32\msvcrt.dll
0x00007ff920ce0000 - 0x00007ff920d7d000 	C:\WINDOWS\System32\msvcp_win.dll
0x00007ff922870000 - 0x00007ff92289f000 	C:\WINDOWS\System32\IMM32.DLL
0x00007ff91b160000 - 0x00007ff91b16c000 	c:\Users\jodoo\.vscode\extensions\redhat.java-1.45.0-win32-x64\jre\21.0.8-win32-x86_64\bin\vcruntime140_1.dll
0x00007ff8c0cc0000 - 0x00007ff8c0d4d000 	c:\Users\jodoo\.vscode\extensions\redhat.java-1.45.0-win32-x64\jre\21.0.8-win32-x86_64\bin\msvcp140.dll
0x00007ff8becd0000 - 0x00007ff8bfa67000 	c:\Users\jodoo\.vscode\extensions\redhat.java-1.45.0-win32-x64\jre\21.0.8-win32-x86_64\bin\server\jvm.dll
0x00007ff9215e0000 - 0x00007ff921691000 	C:\WINDOWS\System32\ADVAPI32.dll
0x00007ff9216a0000 - 0x00007ff92173f000 	C:\WINDOWS\System32\sechost.dll
0x00007ff923200000 - 0x00007ff923320000 	C:\WINDOWS\System32\RPCRT4.dll
0x00007ff921180000 - 0x00007ff9211a7000 	C:\WINDOWS\System32\bcrypt.dll
0x00007ff922a00000 - 0x00007ff922a6b000 	C:\WINDOWS\System32\WS2_32.dll
0x00007ff917830000 - 0x00007ff917857000 	C:\WINDOWS\SYSTEM32\WINMM.dll
0x00007ff91a670000 - 0x00007ff91a67a000 	C:\WINDOWS\SYSTEM32\VERSION.dll
0x00007ff920a00000 - 0x00007ff920a4b000 	C:\WINDOWS\SYSTEM32\POWRPROF.dll
0x00007ff920970000 - 0x00007ff920982000 	C:\WINDOWS\SYSTEM32\UMPDC.dll
0x00007ff91eaf0000 - 0x00007ff91eb02000 	C:\WINDOWS\SYSTEM32\kernel.appcore.dll
0x00007ff905f00000 - 0x00007ff905f0a000 	c:\Users\jodoo\.vscode\extensions\redhat.java-1.45.0-win32-x64\jre\21.0.8-win32-x86_64\bin\jimage.dll
0x00007ff915590000 - 0x00007ff915791000 	C:\WINDOWS\SYSTEM32\DBGHELP.DLL
0x00007ff8f9d10000 - 0x00007ff8f9d44000 	C:\WINDOWS\SYSTEM32\dbgcore.DLL
0x00007ff920c50000 - 0x00007ff920cd2000 	C:\WINDOWS\System32\bcryptPrimitives.dll
0x00007ff901f90000 - 0x00007ff901f9f000 	c:\Users\jodoo\.vscode\extensions\redhat.java-1.45.0-win32-x64\jre\21.0.8-win32-x86_64\bin\instrument.dll
0x00007ff8d12a0000 - 0x00007ff8d12bf000 	c:\Users\jodoo\.vscode\extensions\redhat.java-1.45.0-win32-x64\jre\21.0.8-win32-x86_64\bin\java.dll
0x00007ff9219f0000 - 0x00007ff922160000 	C:\WINDOWS\System32\SHELL32.dll
0x00007ff91ecf0000 - 0x00007ff91f494000 	C:\WINDOWS\SYSTEM32\windows.storage.dll
0x00007ff922410000 - 0x00007ff922763000 	C:\WINDOWS\System32\combase.dll
0x00007ff9205b0000 - 0x00007ff9205db000 	C:\WINDOWS\SYSTEM32\Wldp.dll
0x00007ff921740000 - 0x00007ff92180d000 	C:\WINDOWS\System32\OLEAUT32.dll
0x00007ff921940000 - 0x00007ff9219ed000 	C:\WINDOWS\System32\SHCORE.dll
0x00007ff922160000 - 0x00007ff9221bb000 	C:\WINDOWS\System32\shlwapi.dll
0x00007ff920b80000 - 0x00007ff920ba4000 	C:\WINDOWS\SYSTEM32\profapi.dll
0x00007ff8d0c10000 - 0x00007ff8d0c28000 	c:\Users\jodoo\.vscode\extensions\redhat.java-1.45.0-win32-x64\jre\21.0.8-win32-x86_64\bin\zip.dll
0x00007ff901e80000 - 0x00007ff901e90000 	C:\Users\jodoo\.vscode\extensions\redhat.java-1.45.0-win32-x64\jre\21.0.8-win32-x86_64\bin\net.dll
0x00007ff91aa60000 - 0x00007ff91ab6a000 	C:\WINDOWS\SYSTEM32\WINHTTP.dll
0x00007ff920310000 - 0x00007ff92037a000 	C:\WINDOWS\system32\mswsock.dll
0x00007ff8c9bb0000 - 0x00007ff8c9bc6000 	C:\Users\jodoo\.vscode\extensions\redhat.java-1.45.0-win32-x64\jre\21.0.8-win32-x86_64\bin\nio.dll
0x00007ff901c70000 - 0x00007ff901c80000 	c:\Users\jodoo\.vscode\extensions\redhat.java-1.45.0-win32-x64\jre\21.0.8-win32-x86_64\bin\verify.dll
0x00007ff8c8590000 - 0x00007ff8c85d4000 	C:\Users\jodoo\AppData\Roaming\Code\User\globalStorage\redhat.java\1.45.0\config_win\org.eclipse.equinox.launcher\org.eclipse.equinox.launcher.win32.win32.x86_64_1.2.1400.v20250801-0854\eclipse_11916.dll
0x00007ff921810000 - 0x00007ff92193b000 	C:\WINDOWS\System32\ole32.dll
0x00007ff920510000 - 0x00007ff920528000 	C:\WINDOWS\SYSTEM32\CRYPTSP.dll
0x00007ff91fc30000 - 0x00007ff91fc68000 	C:\WINDOWS\system32\rsaenh.dll
0x00007ff920b00000 - 0x00007ff920b2e000 	C:\WINDOWS\SYSTEM32\USERENV.dll
0x00007ff920500000 - 0x00007ff92050c000 	C:\WINDOWS\SYSTEM32\CRYPTBASE.dll
0x00007ff91fff0000 - 0x00007ff92002b000 	C:\WINDOWS\SYSTEM32\IPHLPAPI.DLL
0x00007ff922780000 - 0x00007ff922788000 	C:\WINDOWS\System32\NSI.dll
0x00007ff8c0d50000 - 0x00007ff8c0d99000 	C:\Users\jodoo\AppData\Local\Temp\jna--1154677198\jna10351529970175081377.dll
0x00007ff922a70000 - 0x00007ff922a78000 	C:\WINDOWS\System32\PSAPI.DLL
0x00007ff91b190000 - 0x00007ff91b1a7000 	C:\WINDOWS\SYSTEM32\dhcpcsvc6.DLL
0x00007ff91b140000 - 0x00007ff91b15d000 	C:\WINDOWS\SYSTEM32\dhcpcsvc.DLL
0x00007ff8f87b0000 - 0x00007ff8f87be000 	C:\Users\jodoo\.vscode\extensions\redhat.java-1.45.0-win32-x64\jre\21.0.8-win32-x86_64\bin\sunmscapi.dll
0x00007ff920fa0000 - 0x00007ff9210fd000 	C:\WINDOWS\System32\CRYPT32.dll
0x00007ff920620000 - 0x00007ff920647000 	C:\WINDOWS\SYSTEM32\ncrypt.dll
0x00007ff9205e0000 - 0x00007ff92061b000 	C:\WINDOWS\SYSTEM32\NTASN1.dll
0x00007ff920030000 - 0x00007ff9200fa000 	C:\WINDOWS\SYSTEM32\DNSAPI.dll
0x00007ff91a410000 - 0x00007ff91a41a000 	C:\Windows\System32\rasadhlp.dll
0x00007ff919880000 - 0x00007ff919900000 	C:\WINDOWS\System32\fwpuclnt.dll
0x00007ff8f5c00000 - 0x00007ff8f5c09000 	C:\Users\jodoo\.vscode\extensions\redhat.java-1.45.0-win32-x64\jre\21.0.8-win32-x86_64\bin\extnet.dll
0x00007ff8c4de0000 - 0x00007ff8c4e07000 	C:\Users\jodoo\.gradle\native\1def1411415f61bf3af743bc5b6707747c0891f09f0c88961ee8f79bc544acac\windows-amd64\native-platform.dll
0x00007ff8f92c0000 - 0x00007ff8f92ca000 	C:\Users\jodoo\.vscode\extensions\redhat.java-1.45.0-win32-x64\jre\21.0.8-win32-x86_64\bin\management.dll
0x00007ff8f92b0000 - 0x00007ff8f92bb000 	C:\Users\jodoo\.vscode\extensions\redhat.java-1.45.0-win32-x64\jre\21.0.8-win32-x86_64\bin\management_ext.dll
0x00007ff89e220000 - 0x00007ff89e227000 	C:\WINDOWS\system32\wshunix.dll

JVMTI agents:
c:\Users\jodoo\.vscode\extensions\redhat.java-1.45.0-win32-x64\lombok\lombok-1.18.39-4050.jar path:c:\Users\jodoo\.vscode\extensions\redhat.java-1.45.0-win32-x64\jre\21.0.8-win32-x86_64\bin\instrument.dll, loaded, initialized, instrumentlib options:none

dbghelp: loaded successfully - version: 4.0.5 - missing functions: none
symbol engine: initialized successfully - sym options: 0x614 - pdb path: .;c:\Users\jodoo\.vscode\extensions\redhat.java-1.45.0-win32-x64\jre\21.0.8-win32-x86_64\bin;C:\WINDOWS\SYSTEM32;C:\WINDOWS\WinSxS\amd64_microsoft.windows.common-controls_6595b64144ccf1df_6.0.19041.6280_none_60bc30a171f2f3f3;c:\Users\jodoo\.vscode\extensions\redhat.java-1.45.0-win32-x64\jre\21.0.8-win32-x86_64\bin\server;C:\Users\jodoo\AppData\Roaming\Code\User\globalStorage\redhat.java\1.45.0\config_win\org.eclipse.equinox.launcher\org.eclipse.equinox.launcher.win32.win32.x86_64_1.2.1400.v20250801-0854;C:\Users\jodoo\AppData\Local\Temp\jna--1154677198;C:\Users\jodoo\.gradle\native\1def1411415f61bf3af743bc5b6707747c0891f09f0c88961ee8f79bc544acac\windows-amd64

VM Arguments:
jvm_args: --add-modules=ALL-SYSTEM --add-opens=java.base/java.util=ALL-UNNAMED --add-opens=java.base/java.lang=ALL-UNNAMED --add-opens=java.base/sun.nio.fs=ALL-UNNAMED -Declipse.application=org.eclipse.jdt.ls.core.id1 -Dosgi.bundles.defaultStartLevel=4 -Declipse.product=org.eclipse.jdt.ls.core.product -Djava.import.generatesMetadataFilesAtProjectRoot=false -DDetectVMInstallationsJob.disabled=true -Dfile.encoding=utf8 -XX:+UseParallelGC -XX:GCTimeRatio=4 -XX:AdaptiveSizePolicyWeight=90 -Dsun.zip.disableMemoryMapping=true -Xmx2G -Xms100m -Xlog:disable -javaagent:c:\Users\jodoo\.vscode\extensions\redhat.java-1.45.0-win32-x64\lombok\lombok-1.18.39-4050.jar -XX:+HeapDumpOnOutOfMemoryError -XX:HeapDumpPath=c:\Users\jodoo\AppData\Roaming\Code\User\workspaceStorage\26936cbf7c34c7eb2c8cfb98ef66a2e7\redhat.java -Daether.dependencyCollector.impl=bf 
java_command: c:\Users\jodoo\.vscode\extensions\redhat.java-1.45.0-win32-x64\server\plugins\org.eclipse.equinox.launcher_1.7.0.v20250519-0528.jar -configuration c:\Users\jodoo\AppData\Roaming\Code\User\globalStorage\redhat.java\1.45.0\config_win -data c:\Users\jodoo\AppData\Roaming\Code\User\workspaceStorage\26936cbf7c34c7eb2c8cfb98ef66a2e7\redhat.java\jdt_ws --pipe=\\.\pipe\lsp-e2880ab984a88123c666093e4b7d4b6c-sock
java_class_path (initial): c:\Users\jodoo\.vscode\extensions\redhat.java-1.45.0-win32-x64\server\plugins\org.eclipse.equinox.launcher_1.7.0.v20250519-0528.jar
Launcher Type: SUN_STANDARD

[Global flags]
    uintx AdaptiveSizePolicyWeight                 = 90                                        {product} {command line}
     intx CICompilerCount                          = 12                                        {product} {ergonomic}
    uintx GCTimeRatio                              = 4                                         {product} {command line}
     bool HeapDumpOnOutOfMemoryError               = true                                   {manageable} {command line}
    ccstr HeapDumpPath                             = c:\Users\jodoo\AppData\Roaming\Code\User\workspaceStorage\26936cbf7c34c7eb2c8cfb98ef66a2e7\redhat.java         {manageable} {command line}
   size_t InitialHeapSize                          = 104857600                                 {product} {command line}
   size_t MaxHeapSize                              = 2147483648                                {product} {command line}
   size_t MaxNewSize                               = 715653120                                 {product} {ergonomic}
   size_t MinHeapDeltaBytes                        = 524288                                    {product} {ergonomic}
   size_t MinHeapSize                              = 104857600                                 {product} {command line}
   size_t NewSize                                  = 34603008                                  {product} {ergonomic}
    uintx NonNMethodCodeHeapSize                   = 7602480                                {pd product} {ergonomic}
    uintx NonProfiledCodeHeapSize                  = 122027880                              {pd product} {ergonomic}
   size_t OldSize                                  = 70254592                                  {product} {ergonomic}
    uintx ProfiledCodeHeapSize                     = 122027880                              {pd product} {ergonomic}
    uintx ReservedCodeCacheSize                    = 251658240                              {pd product} {ergonomic}
     bool SegmentedCodeCache                       = true                                      {product} {ergonomic}
   size_t SoftMaxHeapSize                          = 2147483648                             {manageable} {ergonomic}
     bool UseCompressedOops                        = true                           {product lp64_product} {ergonomic}
     bool UseLargePagesIndividualAllocation        = false                                  {pd product} {ergonomic}
     bool UseParallelGC                            = true                                      {product} {command line}

Logging:
Log output configuration:
 #0: stdout all=off uptime,level,tags foldmultilines=false
 #1: stderr all=off uptime,level,tags foldmultilines=false

Environment Variables:
PATH=C:\Program Files\NVIDIA GPU Computing Toolkit\CUDA\v12.1\bin;C:\Program Files\NVIDIA GPU Computing Toolkit\CUDA\v12.1\libnvvp;;C:\Python312;C:\Python312\Scripts;C:\Users\jodoo\AppData\Local\Programs\Python\Python313;C:\Program Files (x86)\Common Files\Oracle\Java\java8path;C:\Program Files (x86)\Common Files\Oracle\Java\javapath;C:\Users\jodoo\AppData\Local\Programs\Python\Python310\;C:\Users\jodoo\AppData\Local\Programs\Python\Python310\Scripts\;c:\Users\jodoo\AppData\Local\Programs\cursor\resources\app\bin;C:\Program Files\Naver\Naver Whale\Application;C:\WINDOWS\system32;C:\WINDOWS;C:\WINDOWS\System32\Wbem;C:\WINDOWS\System32\WindowsPowerShell\v1.0\;C:\WINDOWS\System32\OpenSSH\;C:\Program Files\Bandizip\;C:\Program Files\dotnet\;C:\Program Files\NVIDIA Corporation\NVIDIA app\NvDLISR;C:\Users\jodoo\AppData\Local\Programs\Python\Python310\Scripts\;C:\Users\jodoo\AppData\Local\Programs\Python\Python310\;C:\Users\jodoo\AppData\Local\Microsoft\WindowsApps;c:\Users\jodoo\AppData\Local\Programs\cursor\resources\app\bin;c:\Users\jodoo\AppData\Local\Programs\cursor\resources\app\bin;C:\Program Files\Git\cmd;C:\Program Files\CMake\bin;C:\Program Files (x86)\cloudflared\;C:\Program Files (x86)\NVIDIA Corporation\PhysX\Common;C:\Program Files\NVIDIA Corporation\Nsight Compute 2023.1.0\;C:\Users\jodoo\AppData\Local\Programs\Python\Python313\Scripts\;C:\Users\jodoo\AppData\Local\Programs\Python\Python313\;C:\Users\jodoo\AppData\Local\Microsoft\WindowsApps;C:\Users\jodoo\AppData\Local\Programs\Microsoft VS Code\bin;C:\Users\jodoo\AppData\Local\Programs\cursor\resources\app\bin
USERNAME=jodoo1
OS=Windows_NT
PROCESSOR_IDENTIFIER=AMD64 Family 25 Model 33 Stepping 2, AuthenticAMD
TMP=C:\Users\jodoo\AppData\Local\Temp
TEMP=C:\Users\jodoo\AppData\Local\Temp




Periodic native trim disabled

---------------  S Y S T E M  ---------------

OS:
 Windows 10 , 64 bit Build 19041 (10.0.19041.5915)
OS uptime: 0 days 8:11 hours

CPU: total 16 (initial active 16) (16 cores per cpu, 2 threads per core) family 25 model 33 stepping 2 microcode 0x0, cx8, cmov, fxsr, ht, mmx, 3dnowpref, sse, sse2, sse3, ssse3, sse4a, sse4.1, sse4.2, popcnt, lzcnt, tsc, tscinvbit, avx, avx2, aes, erms, clmul, bmi1, bmi2, adx, sha, fma, vzeroupper, clflush, clflushopt, rdtscp, rdpid, fsrm, f16c, pku, cet_ss
Processor Information for the first 16 processors :
  Max Mhz: 3401, Current Mhz: 3401, Mhz Limit: 3401

Memory: 4k page, system-wide physical 32678M (584M free)
TotalPageFile size 53158M (AvailPageFile size 6M)
current process WorkingSet (physical memory assigned to process): 547M, peak: 547M
current process commit charge ("private bytes"): 642M, peak: 642M

vm_info: OpenJDK 64-Bit Server VM (21.0.8+9-LTS) for windows-amd64 JRE (21.0.8+9-LTS), built on 2025-07-15T00:00:00Z by "admin" with MS VC++ 17.7 (VS2022)

END.
